###############################################################
#  Generated by:      Cadence Innovus 20.10-p004_1
#  OS:                Linux x86_64(Host ID ecelvd807.ece.local)
#  Generated on:      Tue Apr 22 03:17:40 2025
#  Design:            encoder
###############################################################

AREA: Regular Via of Net n6  ( METAL2 )
Bounds : ( 140.140, 94.170 ) ( 140.420, 94.550 )
Actual:     0.1064     Min:     0.202


AREA: Regular Via of Net n11  ( METAL2 )
Bounds : ( 109.340, 127.770 ) ( 109.620, 128.150 )
Actual:     0.1064     Min:     0.202


AREA: Regular Via of Net n4  ( METAL2 )
Bounds : ( 121.100, 128.330 ) ( 121.380, 128.710 )
Actual:     0.1064     Min:     0.202


AREA: Regular Via of Net N89  ( METAL2 )
Bounds : ( 112.700, 126.090 ) ( 112.980, 126.470 )
Actual:     0.1064     Min:     0.202


AREA: Regular Via of Net N89  ( METAL2 )
Bounds : ( 114.940, 122.730 ) ( 115.220, 123.110 )
Actual:     0.1064     Min:     0.202


SHORT: Regular Wire of Net N90 & Special Via of Net VSS  ( METAL2 )
Bounds : ( 130.620, 125.040 ) ( 130.900, 125.840 )


SHORT: Regular Wire of Net n4 & Special Via of Net VSS  ( METAL2 )
Bounds : ( 123.340, 125.040 ) ( 123.620, 125.840 )


SHORT: Regular Via of Net N90 & Regular Wire of Net n4  ( METAL2 )
Bounds : ( 123.340, 126.090 ) ( 123.620, 126.470 )


SHORT: Regular Wire of Net n11 & Special Via of Net VSS  ( METAL2 )
Bounds : ( 119.980, 125.040 ) ( 120.260, 125.840 )


SHORT: Regular Wire of Net nout[1] & Special Via of Net VSS  ( METAL2 )
Bounds : ( 121.660, 125.040 ) ( 121.940, 125.840 )


AREA: Regular Via of Net clk  ( METAL2 )
Bounds : ( 127.820, 123.290 ) ( 128.100, 123.670 )
Actual:     0.1064     Min:     0.202


AREA: Regular Via of Net clk  ( METAL2 )
Bounds : ( 112.140, 123.290 ) ( 112.420, 123.670 )
Actual:     0.1064     Min:     0.202


AREA: Regular Via of Net nout[1]  ( METAL2 )
Bounds : ( 122.220, 123.850 ) ( 122.500, 124.230 )
Actual:     0.1064     Min:     0.202


AREA: Regular Via of Net nout[0]  ( METAL2 )
Bounds : ( 111.020, 127.210 ) ( 111.300, 127.590 )
Actual:     0.1064     Min:     0.202


SPACING: Regular Via of Net nout[2] & Pin of Cell nout_reg_2_  ( METAL1 )
Bounds : ( 137.725, 124.040 ) ( 137.900, 124.230 )
Actual:     0.175     Min:     0.23  SameNetGap


SPACING: Regular Via of Net nout[1] & Blockage of Cell U60  ( METAL1 )
Bounds : ( 121.660, 127.030 ) ( 121.940, 127.210 )
Actual:     0.18     Min:     0.23


SPACING: Regular Via of Net nout[1] & Pin of Cell nout_reg_1_  ( METAL1 )
Bounds : ( 122.045, 124.040 ) ( 122.220, 124.230 )
Actual:     0.175     Min:     0.23  SameNetGap


SPACING: Regular Via of Net nout[0] & Blockage of Cell U61  ( METAL1 )
Bounds : ( 111.020, 127.030 ) ( 111.300, 127.210 )
Actual:     0.18     Min:     0.23


SPACING: Regular Via of Net nout[0] & Pin of Cell nout_reg_0_  ( METAL1 )
Bounds : ( 106.925, 124.040 ) ( 107.100, 124.230 )
Actual:     0.175     Min:     0.23  SameNetGap


AREA: Regular Via of Net n29  ( METAL2 )
Bounds : ( 121.100, 114.330 ) ( 121.380, 114.710 )
Actual:     0.1064     Min:     0.202


AREA: Regular Via of Net n16  ( METAL2 )
Bounds : ( 116.620, 117.690 ) ( 116.900, 118.070 )
Actual:     0.1064     Min:     0.202


AREA: Regular Via of Net n16  ( METAL2 )
Bounds : ( 106.540, 117.690 ) ( 106.820, 118.070 )
Actual:     0.1064     Min:     0.202


AREA: Regular Via of Net n15  ( METAL2 )
Bounds : ( 131.740, 117.130 ) ( 132.020, 117.510 )
Actual:     0.1064     Min:     0.202


AREA: Regular Via of Net n14  ( METAL2 )
Bounds : ( 114.940, 106.490 ) ( 115.220, 106.870 )
Actual:     0.1064     Min:     0.202


AREA: Regular Via of Net n14  ( METAL2 )
Bounds : ( 112.140, 113.210 ) ( 112.420, 113.590 )
Actual:     0.1064     Min:     0.202


AREA: Regular Via of Net n13  ( METAL2 )
Bounds : ( 108.780, 112.650 ) ( 109.060, 113.030 )
Actual:     0.1064     Min:     0.202


AREA: Regular Via of Net n11  ( METAL2 )
Bounds : ( 119.420, 112.650 ) ( 119.700, 113.030 )
Actual:     0.1064     Min:     0.202


AREA: Regular Via of Net n8  ( METAL2 )
Bounds : ( 107.660, 117.130 ) ( 107.940, 117.510 )
Actual:     0.1064     Min:     0.202


AREA: Regular Via of Net n3  ( METAL2 )
Bounds : ( 107.100, 107.050 ) ( 107.380, 107.430 )
Actual:     0.1064     Min:     0.202


AREA: Regular Via of Net N91  ( METAL2 )
Bounds : ( 129.500, 116.570 ) ( 129.780, 116.950 )
Actual:     0.1064     Min:     0.202


SHORT: Regular Wire of Net N91 & Special Via of Net VSS  ( METAL2 )
Bounds : ( 131.740, 114.960 ) ( 132.020, 115.760 )


SHORT: Regular Wire of Net n11 & Special Via of Net VSS  ( METAL2 )
Bounds : ( 118.860, 114.960 ) ( 119.140, 115.760 )


SHORT: Regular Via of Net n13 & Regular Wire of Net reset  ( METAL3 )
Bounds : ( 107.610, 112.700 ) ( 109.110, 112.980 )


SHORT: Regular Via of Net clk & Regular Wire of Net n15  ( METAL2 )
Bounds : ( 124.460, 107.050 ) ( 124.740, 107.430 )


SHORT: Regular Wire of Net n15 & Special Via of Net VSS  ( METAL2 )
Bounds : ( 124.460, 114.960 ) ( 124.740, 115.760 )


AREA: Regular Via of Net clk  ( METAL2 )
Bounds : ( 128.940, 113.210 ) ( 129.220, 113.590 )
Actual:     0.1064     Min:     0.202


AREA: Regular Via of Net pre  ( METAL2 )
Bounds : ( 134.540, 106.490 ) ( 134.820, 106.870 )
Actual:     0.1064     Min:     0.202


AREA: Regular Via of Net N88  ( METAL2 )
Bounds : ( 106.540, 118.810 ) ( 106.820, 119.190 )
Actual:     0.1064     Min:     0.202


AREA: Regular Via of Net nout[2]  ( METAL2 )
Bounds : ( 133.420, 117.690 ) ( 133.700, 118.070 )
Actual:     0.1064     Min:     0.202


SPACING: Regular Via of Net pre & Pin of Cell pre_reg  ( METAL1 )
Bounds : ( 134.365, 106.490 ) ( 134.540, 106.680 )
Actual:     0.175     Min:     0.23  SameNetGap


SPACING: Regular Via of Net nout[3] & Pin of Cell nout_reg_3_  ( METAL1 )
Bounds : ( 138.845, 113.960 ) ( 139.020, 114.150 )
Actual:     0.175     Min:     0.23  SameNetGap


SPACING: Regular Via of Net n4 & Special Via of Net VSS  ( METAL2 )
Bounds : ( 123.340, 115.760 ) ( 123.620, 116.010 )
Actual:     0.25     Min:     0.28


SPACING: Regular Via of Net n13 & Regular Wire of Net n10  ( METAL2 )
Bounds : ( 108.780, 112.470 ) ( 109.060, 112.650 )
Actual:     0.18     Min:     0.28


SPACING: Regular Via of Net n15 & Regular Via of Net N91  ( METAL2 )
Bounds : ( 131.740, 116.950 ) ( 132.020, 117.130 )
Actual:     0.18     Min:     0.28


SPACING: Regular Via of Net n29 & Special Via of Net VSS  ( METAL2 )
Bounds : ( 127.260, 114.710 ) ( 127.540, 114.960 )
Actual:     0.25     Min:     0.28


SPACING: Regular Via of Net n29 & Special Via of Net VSS  ( METAL2 )
Bounds : ( 121.100, 114.710 ) ( 121.380, 114.960 )
Actual:     0.25     Min:     0.28


SPACING: Regular Via of Net clk & Special Wire of Net VSS  ( METAL4 )
Bounds : ( 135.080, 113.210 ) ( 135.660, 123.670 )
Actual:     0.58     Min:     0.6


AREA: Regular Via of Net N78  ( METAL2 )
Bounds : ( 84.700, 107.610 ) ( 84.980, 107.990 )
Actual:     0.1064     Min:     0.202


AREA: Regular Via of Net N77  ( METAL2 )
Bounds : ( 84.700, 122.730 ) ( 84.980, 123.110 )
Actual:     0.1064     Min:     0.202


AREA: Regular Via of Net clk  ( METAL2 )
Bounds : ( 81.900, 107.050 ) ( 82.180, 107.430 )
Actual:     0.1064     Min:     0.202


AREA: Regular Via of Net clk  ( METAL2 )
Bounds : ( 97.020, 123.290 ) ( 97.300, 123.670 )
Actual:     0.1064     Min:     0.202


SHORT: Regular Wire of Net arr[0] & Special Via of Net VDD  ( METAL2 )
Bounds : ( 85.820, 120.000 ) ( 86.100, 120.800 )


SHORT: Regular Wire of Net arr[0] & Special Via of Net VDD  ( METAL2 )
Bounds : ( 85.820, 109.920 ) ( 86.100, 110.720 )


SHORT: Regular Via of Net n9 & Regular Via of Net par  ( METAL2 )
Bounds : ( 100.380, 112.090 ) ( 100.660, 114.150 )


SHORT: Regular Wire of Net n8 & Special Via of Net VDD  ( METAL2 )
Bounds : ( 84.140, 109.920 ) ( 84.420, 110.720 )


SHORT: Regular Wire of Net N88 & Special Via of Net VDD  ( METAL2 )
Bounds : ( 99.820, 120.000 ) ( 100.080, 120.800 )


SHORT: Regular Wire of Net N78 & Special Via of Net VDD  ( METAL2 )
Bounds : ( 83.580, 109.920 ) ( 83.860, 110.720 )


SHORT: Regular Wire of Net N77 & Special Via of Net VDD  ( METAL2 )
Bounds : ( 82.460, 120.000 ) ( 82.740, 120.800 )


SHORT: Regular Wire of Net reset & Special Via of Net VDD  ( METAL2 )
Bounds : ( 92.540, 109.920 ) ( 92.820, 110.720 )


SHORT: Regular Wire of Net clk & Special Via of Net VDD  ( METAL2 )
Bounds : ( 90.300, 120.000 ) ( 90.580, 120.800 )


SHORT: Regular Wire of Net n13 & Special Via of Net VDD  ( METAL2 )
Bounds : ( 90.300, 109.920 ) ( 90.580, 110.720 )


SHORT: Regular Via of Net n13 & Regular Wire of Net n8  ( METAL2 )
Bounds : ( 84.140, 113.210 ) ( 84.420, 113.590 )


AREA: Regular Via of Net n12  ( METAL2 )
Bounds : ( 102.620, 113.210 ) ( 102.900, 113.590 )
Actual:     0.1064     Min:     0.202


AREA: Regular Via of Net n18  ( METAL2 )
Bounds : ( 100.940, 106.490 ) ( 101.220, 106.870 )
Actual:     0.1064     Min:     0.202


AREA: Regular Via of Net n28  ( METAL2 )
Bounds : ( 93.100, 117.690 ) ( 93.380, 118.070 )
Actual:     0.1064     Min:     0.202


SPACING: Regular Via of Net par & Pin of Cell par_reg  ( METAL1 )
Bounds : ( 100.205, 116.570 ) ( 100.380, 116.760 )
Actual:     0.175     Min:     0.23  SameNetGap


SPACING: Regular Via of Net arr[1] & Pin of Cell arr_reg_1_  ( METAL1 )
Bounds : ( 91.805, 106.490 ) ( 91.980, 106.680 )
Actual:     0.175     Min:     0.23  SameNetGap


SPACING: Regular Via of Net arr[0] & Pin of Cell arr_reg_0_  ( METAL1 )
Bounds : ( 91.805, 124.040 ) ( 91.980, 124.230 )
Actual:     0.175     Min:     0.23  SameNetGap


SPACING: Regular Via of Net n7 & Special Via of Net VSS  ( METAL2 )
Bounds : ( 127.820, 95.600 ) ( 128.100, 95.850 )
Actual:     0.25     Min:     0.28


SPACING: Regular Via of Net n5 & Special Via of Net VSS  ( METAL2 )
Bounds : ( 125.580, 104.630 ) ( 125.860, 104.880 )
Actual:     0.25     Min:     0.28


SPACING: Regular Via of Net n27 & Pin of Cell U80  ( METAL1 )
Bounds : ( 130.340, 93.815 ) ( 130.490, 93.990 )
Actual:     0.15     Min:     0.23  SameNetGap


SPACING: Regular Via of Net n23 & Pin of Cell U62  ( METAL1 )
Bounds : ( 138.180, 96.410 ) ( 138.330, 96.585 )
Actual:     0.15     Min:     0.23  SameNetGap


SHORT: Regular Via of Net pout[3] & Regular Wire of Net n26  ( METAL3 )
Bounds : ( 130.570, 92.540 ) ( 133.190, 92.820 )


SHORT: Regular Wire of Net pout[3] & Special Via of Net VSS  ( METAL2 )
Bounds : ( 132.860, 94.800 ) ( 133.140, 95.600 )


SHORT: Regular Wire of Net pre & Special Via of Net VSS  ( METAL2 )
Bounds : ( 130.620, 94.800 ) ( 130.900, 95.600 )


SHORT: Regular Via of Net n12 & Regular Wire of Net pre  ( METAL2 )
Bounds : ( 131.180, 103.130 ) ( 131.460, 104.070 )


AREA: Regular Via of Net pre  ( METAL2 )
Bounds : ( 131.180, 93.050 ) ( 131.460, 93.430 )
Actual:     0.1064     Min:     0.202


AREA: Regular Via of Net n5  ( METAL2 )
Bounds : ( 125.580, 104.250 ) ( 125.860, 104.630 )
Actual:     0.1064     Min:     0.202


AREA: Regular Via of Net n7  ( METAL2 )
Bounds : ( 138.460, 97.530 ) ( 138.740, 97.910 )
Actual:     0.1064     Min:     0.202


AREA: Regular Via of Net n23  ( METAL2 )
Bounds : ( 137.900, 96.410 ) ( 138.180, 96.790 )
Actual:     0.1064     Min:     0.202


AREA: Regular Via of Net n26  ( METAL2 )
Bounds : ( 128.940, 92.490 ) ( 129.220, 92.870 )
Actual:     0.1064     Min:     0.202


AREA: Regular Via of Net n27  ( METAL2 )
Bounds : ( 130.060, 93.610 ) ( 130.340, 93.990 )
Actual:     0.1064     Min:     0.202


AREA: Regular Via of Net pout[3]  ( METAL2 )
Bounds : ( 130.620, 92.490 ) ( 130.900, 92.870 )
Actual:     0.1064     Min:     0.202


SPACING: Regular Via of Net pout[3] & Regular Wire of Net pre  ( METAL2 )
Bounds : ( 130.620, 92.870 ) ( 130.900, 93.050 )
Actual:     0.18     Min:     0.28


SPACING: Regular Via of Net n22 & Regular Via of Net n5  ( METAL2 )
Bounds : ( 120.540, 96.790 ) ( 120.820, 96.970 )
Actual:     0.18     Min:     0.28


SPACING: Regular Via of Net n20 & Special Via of Net VSS  ( METAL2 )
Bounds : ( 118.860, 94.550 ) ( 119.140, 94.800 )
Actual:     0.25     Min:     0.28


SPACING: Regular Via of Net n5 & Special Via of Net VSS  ( METAL2 )
Bounds : ( 121.100, 104.630 ) ( 121.380, 104.880 )
Actual:     0.25     Min:     0.28


SHORT: Regular Via of Net n22 & Regular Wire of Net n23  ( METAL3 )
Bounds : ( 120.490, 96.460 ) ( 121.430, 96.740 )


SHORT: Regular Wire of Net n22 & Regular Wire of Net n5  ( METAL2 )
Bounds : ( 121.100, 96.970 ) ( 121.380, 100.150 )


SHORT: Regular Wire of Net n22 & Special Via of Net VSS  ( METAL2 )
Bounds : ( 120.540, 94.800 ) ( 120.820, 95.600 )


SHORT: Regular Via of Net n22 & Regular Wire of Net pre  ( METAL3 )
Bounds : ( 120.490, 102.620 ) ( 121.990, 102.900 )


SHORT: Regular Via of Net n12 & Regular Via of Net pre  ( METAL2 )
Bounds : ( 109.900, 103.130 ) ( 110.180, 104.070 )


AREA: Regular Via of Net reset  ( METAL2 )
Bounds : ( 112.700, 93.050 ) ( 112.980, 93.430 )
Actual:     0.1064     Min:     0.202


AREA: Regular Via of Net n5  ( METAL2 )
Bounds : ( 120.540, 96.970 ) ( 120.820, 97.350 )
Actual:     0.1064     Min:     0.202


AREA: Regular Via of Net n12  ( METAL2 )
Bounds : ( 111.020, 103.130 ) ( 111.300, 103.510 )
Actual:     0.1064     Min:     0.202


AREA: Regular Via of Net n15  ( METAL2 )
Bounds : ( 118.860, 103.690 ) ( 119.140, 104.070 )
Actual:     0.1064     Min:     0.202


AREA: Regular Via of Net n20  ( METAL2 )
Bounds : ( 109.900, 88.010 ) ( 110.180, 88.390 )
Actual:     0.1064     Min:     0.202


AREA: Regular Via of Net n22  ( METAL2 )
Bounds : ( 120.540, 102.570 ) ( 120.820, 102.950 )
Actual:     0.1064     Min:     0.202


AREA: Regular Via of Net n24  ( METAL2 )
Bounds : ( 112.700, 97.530 ) ( 112.980, 97.910 )
Actual:     0.1064     Min:     0.202


SPACING: Regular Via of Net n23 & Special Via of Net VSS  ( METAL2 )
Bounds : ( 116.060, 95.600 ) ( 116.340, 95.850 )
Actual:     0.25     Min:     0.28


AREA: Regular Via of Net n19  ( METAL2 )
Bounds : ( 127.820, 86.890 ) ( 128.100, 87.270 )
Actual:     0.1064     Min:     0.202


AREA: Regular Via of Net N86  ( METAL2 )
Bounds : ( 131.740, 82.410 ) ( 132.020, 82.790 )
Actual:     0.1064     Min:     0.202


AREA: Regular Via of Net N85  ( METAL2 )
Bounds : ( 117.180, 82.410 ) ( 117.460, 82.790 )
Actual:     0.1064     Min:     0.202


SHORT: Regular Wire of Net clk & Special Via of Net VSS  ( METAL2 )
Bounds : ( 128.940, 84.720 ) ( 129.220, 85.520 )


SHORT: Regular Wire of Net N86 & Special Via of Net VSS  ( METAL2 )
Bounds : ( 121.100, 84.720 ) ( 121.380, 85.520 )


SHORT: Regular Wire of Net pout[1] & Special Via of Net VSS  ( METAL2 )
Bounds : ( 124.460, 84.720 ) ( 124.740, 85.520 )


SPACING: Regular Via of Net pout[2] & Pin of Cell pout_reg_2_  ( METAL1 )
Bounds : ( 138.845, 83.720 ) ( 139.020, 83.910 )
Actual:     0.175     Min:     0.23  SameNetGap


SPACING: Regular Via of Net pout[1] & Blockage of Cell U74  ( METAL1 )
Bounds : ( 119.420, 86.710 ) ( 119.700, 86.890 )
Actual:     0.18     Min:     0.23


SPACING: Regular Via of Net pout[1] & Pin of Cell pout_reg_1_  ( METAL1 )
Bounds : ( 124.285, 83.720 ) ( 124.460, 83.910 )
Actual:     0.175     Min:     0.23  SameNetGap


SPACING: Regular Via of Net pout[0] & Blockage of Cell U75  ( METAL1 )
Bounds : ( 110.460, 86.710 ) ( 110.740, 86.890 )
Actual:     0.18     Min:     0.23


SPACING: Regular Via of Net pout[0] & Pin of Cell pout_reg_0_  ( METAL1 )
Bounds : ( 109.165, 83.720 ) ( 109.340, 83.910 )
Actual:     0.175     Min:     0.23  SameNetGap


AREA: Regular Via of Net n19  ( METAL2 )
Bounds : ( 108.780, 87.450 ) ( 109.060, 87.830 )
Actual:     0.1064     Min:     0.202


AREA: Regular Via of Net arr[1]  ( METAL2 )
Bounds : ( 83.580, 102.570 ) ( 83.860, 102.950 )
Actual:     0.1064     Min:     0.202


AREA: Regular Via of Net arr[2]  ( METAL2 )
Bounds : ( 91.980, 96.410 ) ( 92.260, 96.790 )
Actual:     0.1064     Min:     0.202


AREA: Regular Via of Net n25  ( METAL2 )
Bounds : ( 86.380, 103.690 ) ( 86.660, 104.070 )
Actual:     0.1064     Min:     0.202


AREA: Regular Via of Net n18  ( METAL2 )
Bounds : ( 102.060, 103.130 ) ( 102.340, 103.510 )
Actual:     0.1064     Min:     0.202


AREA: Regular Via of Net N79  ( METAL2 )
Bounds : ( 84.700, 97.530 ) ( 84.980, 97.910 )
Actual:     0.1064     Min:     0.202


AREA: Regular Via of Net clk  ( METAL2 )
Bounds : ( 81.900, 96.970 ) ( 82.180, 97.350 )
Actual:     0.1064     Min:     0.202


AREA: Regular Via of Net reset  ( METAL2 )
Bounds : ( 90.860, 93.050 ) ( 91.140, 93.430 )
Actual:     0.1064     Min:     0.202


AREA: Regular Via of Net data  ( METAL2 )
Bounds : ( 83.580, 92.490 ) ( 83.860, 92.870 )
Actual:     0.1064     Min:     0.202


SHORT: Regular Via of Net arr[0] & Regular Via of Net arr[2]  ( METAL3 )
Bounds : ( 85.770, 103.180 ) ( 86.150, 103.460 )


SHORT: Regular Via of Net arr[0] & Regular Via of Net arr[2]  ( METAL2 )
Bounds : ( 85.820, 103.130 ) ( 86.100, 103.510 )


SHORT: Regular Wire of Net N76 & Special Via of Net VDD  ( METAL2 )
Bounds : ( 90.300, 89.760 ) ( 90.580, 90.560 )


SHORT: Regular Wire of Net reset & Special Via of Net VDD  ( METAL2 )
Bounds : ( 92.540, 99.840 ) ( 92.820, 100.640 )


SHORT: Regular Wire of Net data & Special Via of Net VDD  ( METAL2 )
Bounds : ( 85.260, 99.840 ) ( 85.540, 100.640 )


SHORT: Regular Wire of Net N79 & Special Via of Net VDD  ( METAL2 )
Bounds : ( 93.100, 99.840 ) ( 93.380, 100.640 )


SHORT: Regular Wire of Net n8 & Special Via of Net VDD  ( METAL2 )
Bounds : ( 84.140, 99.840 ) ( 84.420, 100.640 )


SHORT: Regular Via of Net n17 & Regular Wire of Net n18  ( METAL2 )
Bounds : ( 103.740, 102.570 ) ( 104.020, 102.950 )


SHORT: Regular Via of Net N84 & Regular Wire of Net n20  ( METAL2 )
Bounds : ( 103.180, 91.370 ) ( 103.460, 91.750 )


SHORT: Regular Via of Net n21 & Regular Wire of Net reset  ( METAL2 )
Bounds : ( 101.500, 91.930 ) ( 101.780, 93.430 )


SHORT: Regular Wire of Net n25 & Special Via of Net VDD  ( METAL2 )
Bounds : ( 99.260, 99.840 ) ( 99.540, 100.640 )


SHORT: Regular Via of Net n27 & Regular Via of Net n8  ( METAL2 )
Bounds : ( 102.060, 93.050 ) ( 102.340, 93.990 )


SHORT: Regular Wire of Net arr[2] & Special Via of Net VDD  ( METAL2 )
Bounds : ( 86.380, 99.840 ) ( 86.660, 100.640 )


SHORT: Regular Via of Net arr[0] & Regular Wire of Net n8  ( METAL2 )
Bounds : ( 84.140, 103.130 ) ( 84.420, 103.510 )


SHORT: Regular Via of Net arr[0] & Regular Via of Net arr[2]  ( VIA23 )
Bounds : ( 85.830, 103.190 ) ( 86.090, 103.450 )


SPACING: Regular Via of Net arr[2] & Pin of Cell arr_reg_2_  ( METAL1 )
Bounds : ( 91.805, 96.410 ) ( 91.980, 96.600 )
Actual:     0.175     Min:     0.23  SameNetGap


SPACING: Regular Wire of Net clk & Special Via of Net VDD  ( METAL2 )
Bounds : ( 81.900, 89.510 ) ( 82.180, 89.760 )
Actual:     0.25     Min:     0.28


SPACING: Regular Via of Net arr[2] & Regular Via of Net n25  ( METAL2 )
Bounds : ( 86.380, 103.510 ) ( 86.660, 103.690 )
Actual:     0.18     Min:     0.28


SPACING: Regular Via of Net arr[2] & Regular Via of Net n23  ( METAL2 )
Bounds : ( 91.980, 96.230 ) ( 92.260, 96.410 )
Actual:     0.18     Min:     0.28


AREA: Regular Via of Net N84  ( METAL2 )
Bounds : ( 102.060, 82.410 ) ( 102.340, 82.790 )
Actual:     0.1064     Min:     0.202


AREA: Regular Via of Net N75  ( METAL2 )
Bounds : ( 100.940, 86.330 ) ( 101.220, 86.710 )
Actual:     0.1064     Min:     0.202


SHORT: Regular Via of Net P & Regular Wire of Net N  ( METAL2 )
Bounds : ( 93.660, 82.970 ) ( 93.940, 83.350 )


SHORT: Regular Wire of Net P & Special Via of Net VDD  ( METAL2 )
Bounds : ( 93.100, 79.680 ) ( 93.380, 80.480 )


SHORT: Regular Wire of Net N & Special Via of Net VDD  ( METAL2 )
Bounds : ( 93.660, 79.680 ) ( 93.940, 80.480 )


SHORT: Regular Via of Net n27 & Regular Wire of Net N84  ( METAL2 )
Bounds : ( 102.620, 87.450 ) ( 102.900, 87.830 )


AREA: Regular Via of Net N76  ( METAL2 )
Bounds : ( 84.700, 87.450 ) ( 84.980, 87.830 )
Actual:     0.1064     Min:     0.202


SHORT: Regular Wire of Net pre & Special Via of Net VSS  ( METAL2 )
Bounds : ( 131.180, 104.880 ) ( 131.460, 105.680 )


SHORT: Regular Wire of Net n15 & Special Via of Net VSS  ( METAL2 )
Bounds : ( 124.460, 104.880 ) ( 124.740, 105.680 )


SHORT: Regular Wire of Net n23 & Special Via of Net VSS  ( METAL2 )
Bounds : ( 116.060, 104.880 ) ( 116.340, 105.680 )


SHORT: Regular Wire of Net data & Special Via of Net VDD  ( METAL2 )
Bounds : ( 4.620, 79.680 ) ( 4.900, 80.480 )


SHORT: Regular Wire of Net data & Special Via of Net VDD  ( METAL2 )
Bounds : ( 4.620, 89.760 ) ( 4.900, 90.560 )


SHORT: Regular Wire of Net reset & Special Via of Net VDD  ( METAL2 )
Bounds : ( 5.180, 79.680 ) ( 5.460, 80.480 )


SHORT: Regular Wire of Net reset & Special Via of Net VDD  ( METAL2 )
Bounds : ( 5.180, 89.760 ) ( 5.460, 90.560 )


SHORT: Regular Via of Net N & Special Wire of Net VDD  ( METAL3 )
Bounds : ( 79.890, 5.180 ) ( 93.990, 5.460 )


SHORT: Regular Via of Net N & Special Wire of Net VDD  ( METAL4 )
Bounds : ( 80.080, 5.130 ) ( 80.220, 5.510 )


SHORT: Regular Via of Net N & Special Wire of Net VDD  ( METAL4 )
Bounds : ( 19.180, 4.570 ) ( 19.460, 5.510 )


SHORT: Regular Via of Net N & Special Wire of Net VDD  ( METAL3 )
Bounds : ( 16.100, 4.620 ) ( 19.510, 4.900 )


SHORT: Regular Via of Net N & Special Via of Net VDD  ( VIA34 )
Bounds : ( 19.190, 4.630 ) ( 19.200, 4.630 )


SHORT: Regular Via of Net N & Special Via of Net VDD  ( VIA34 )
Bounds : ( 19.190, 4.890 ) ( 19.200, 4.890 )


SHORT: Regular Via of Net N & Special Wire of Net VDD  ( METAL4 )
Bounds : ( 14.700, 1.000 ) ( 14.980, 4.950 )


SHORT: Regular Via of Net P & Special Wire of Net VDD  ( METAL3 )
Bounds : ( 74.850, 4.620 ) ( 93.430, 4.900 )


SHORT: Regular Via of Net P & Special Wire of Net VDD  ( METAL4 )
Bounds : ( 4.620, 1.000 ) ( 4.900, 4.950 )


SHORT: Regular Wire of Net clk & Special Wire of Net VDD  ( METAL3 )
Bounds : ( 1.000, 13.020 ) ( 4.950, 13.300 )


SHORT: Regular Via of Net clk & Special Wire of Net VDD  ( METAL4 )
Bounds : ( 4.620, 12.970 ) ( 4.900, 24.550 )


SHORT: Regular Wire of Net reset & Special Wire of Net VDD  ( METAL3 )
Bounds : ( 1.000, 9.100 ) ( 5.510, 9.380 )


SHORT: Regular Wire of Net reset & IOPin of Net clk  ( METAL2 )
Bounds : ( 5.180, 12.500 ) ( 5.460, 13.500 )


SHORT: Regular Wire of Net data & Special Wire of Net VDD  ( METAL3 )
Bounds : ( 1.000, 2.940 ) ( 4.950, 3.220 )


SHORT: Regular Wire of Net data & IOPin of Net clk  ( METAL2 )
Bounds : ( 4.620, 12.500 ) ( 4.900, 13.500 )


AREA: Regular Via of Net P  ( METAL4 )
Bounds : ( 74.900, 4.570 ) ( 75.180, 4.950 )
Actual:     0.1064     Min:     0.202


SPACING: Regular Via of Net N & Special Via of Net VDD  ( VIA34 )
Bounds : ( 19.450, 4.890 ) ( 19.460, 4.890 )
Actual:     0.01     Min:     0.26


SPACING: Regular Via of Net N & Special Via of Net VDD  ( VIA34 )
Bounds : ( 19.450, 4.630 ) ( 19.460, 4.630 )
Actual:     0.01     Min:     0.26


SPACING: Regular Via of Net N & Special Via of Net VDD  ( VIA34 )
Bounds : ( 80.210, 5.410 ) ( 80.330, 5.450 )
Actual:     0.12     Min:     0.26


SPACING: Regular Via of Net N & Special Via of Net VDD  ( VIA34 )
Bounds : ( 80.210, 5.150 ) ( 80.330, 5.190 )
Actual:     0.1265     Min:     0.26


AREA: Regular Via of Net P  ( METAL3 )
Bounds : ( 4.570, -0.140 ) ( 4.950, 0.140 )
Actual:     0.1064     Min:     0.202



Begin Summary ...
  Cells       : 0
  SameNet     : 18
  Wiring      : 82
  Antenna     : 0
  Short       : 74
  Overlap     : 0
End Summary

  Total Violations : 174 Viols.
